[debug] [2021-05-31T12:32:54.683Z] ----------------------------------------------------------------------
[debug] [2021-05-31T12:32:54.685Z] Command:       C:\Program Files\nodejs\node.exe C:\Users\Arkadeep\AppData\Roaming\npm\node_modules\firebase-tools\lib\bin\firebase.js init
[debug] [2021-05-31T12:32:54.685Z] CLI Version:   9.12.0
[debug] [2021-05-31T12:32:54.685Z] Platform:      win32
[debug] [2021-05-31T12:32:54.685Z] Node Version:  v14.17.0
[debug] [2021-05-31T12:32:54.686Z] Time:          Mon May 31 2021 18:02:54 GMT+0530 (India Standard Time)
[debug] [2021-05-31T12:32:54.686Z] ----------------------------------------------------------------------
[debug] 
[debug] [2021-05-31T12:32:54.688Z] >>> [apiv2][query] GET https://firebase-public.firebaseio.com/cli.json [none]
[debug] [2021-05-31T12:32:54.710Z] > command requires scopes: ["email","openid","https://www.googleapis.com/auth/cloudplatformprojects.readonly","https://www.googleapis.com/auth/firebase","https://www.googleapis.com/auth/cloud-platform"]
[debug] [2021-05-31T12:32:54.710Z] > authorizing via signed-in user (arkadeepbasu2@gmail.com)
[info] 
     ######## #### ########  ######## ########     ###     ######  ########
     ##        ##  ##     ## ##       ##     ##  ##   ##  ##       ##
     ######    ##  ########  ######   ########  #########  ######  ######
     ##        ##  ##    ##  ##       ##     ## ##     ##       ## ##
     ##       #### ##     ## ######## ########  ##     ##  ######  ########

You're about to initialize a Firebase project in this directory:

  C:\Users\Arkadeep\Documents\personal_tutorial_learnings\React\facebook-messenger-clone

[debug] [2021-05-31T12:32:55.580Z] <<< [apiv2][status] GET https://firebase-public.firebaseio.com/cli.json 200
[debug] [2021-05-31T12:32:55.580Z] <<< [apiv2][body] GET https://firebase-public.firebaseio.com/cli.json {"cloudBuildErrorAfter":1594252800000,"cloudBuildWarnAfter":1590019200000,"defaultNode10After":1594252800000,"minVersion":"3.0.5","node8DeploysDisabledAfter":1613390400000,"node8RuntimeDisabledAfter":1615809600000,"node8WarnAfter":1600128000000}
